## Merge gate release candidate run (selected gates)

$ pnpm --filter @vexel/api lint
apps/worker                              |  WARN  The field "pnpm.overrides" was found in /home/munaim/srv/apps/vexel/apps/worker/package.json. This will not take effect. You should configure "pnpm.overrides" at the root of the workspace instead.

> @vexel/api@0.1.0 lint /home/munaim/srv/apps/vexel/apps/api
> eslint "{src,test}/**/*.ts"

[exit_code=0]

$ pnpm --filter @vexel/admin lint
apps/worker                              |  WARN  The field "pnpm.overrides" was found in /home/munaim/srv/apps/vexel/apps/worker/package.json. This will not take effect. You should configure "pnpm.overrides" at the root of the workspace instead.

> @vexel/admin@0.1.0 lint /home/munaim/srv/apps/vexel/apps/admin
> next lint


./src/app/(protected)/audit/page.tsx
32:32  Warning: React Hook useEffect has a missing dependency: 'load'. Either include it or remove the dependency array.  react-hooks/exhaustive-deps

./src/app/(protected)/catalog/panels/page.tsx
39:32  Warning: React Hook useEffect has a missing dependency: 'load'. Either include it or remove the dependency array.  react-hooks/exhaustive-deps

./src/app/(protected)/catalog/parameters/page.tsx
35:32  Warning: React Hook useEffect has a missing dependency: 'load'. Either include it or remove the dependency array.  react-hooks/exhaustive-deps

./src/app/(protected)/catalog/reference-ranges/page.tsx
55:6  Warning: React Hook useEffect has a missing dependency: 'load'. Either include it or remove the dependency array.  react-hooks/exhaustive-deps

./src/app/(protected)/catalog/sample-types/page.tsx
32:32  Warning: React Hook useEffect has a missing dependency: 'load'. Either include it or remove the dependency array.  react-hooks/exhaustive-deps

./src/app/(protected)/catalog/tests/page.tsx
40:32  Warning: React Hook useEffect has a missing dependency: 'load'. Either include it or remove the dependency array.  react-hooks/exhaustive-deps

./src/app/(protected)/opd/providers/page.tsx
99:6  Warning: React Hook useEffect has a missing dependency: 'loadProviders'. Either include it or remove the dependency array.  react-hooks/exhaustive-deps

./src/app/(protected)/opd/schedules/page.tsx
135:6  Warning: React Hook useEffect has a missing dependency: 'loadProviders'. Either include it or remove the dependency array.  react-hooks/exhaustive-deps
143:6  Warning: React Hook useEffect has a missing dependency: 'loadSchedules'. Either include it or remove the dependency array.  react-hooks/exhaustive-deps

info  - Need to disable some ESLint rules? Learn more here: https://nextjs.org/docs/app/api-reference/config/eslint#disabling-rules
[exit_code=0]

$ pnpm --filter @vexel/operator lint
apps/worker                              |  WARN  The field "pnpm.overrides" was found in /home/munaim/srv/apps/vexel/apps/worker/package.json. This will not take effect. You should configure "pnpm.overrides" at the root of the workspace instead.

> @vexel/operator@0.1.0 lint /home/munaim/srv/apps/vexel/apps/operator
> next lint


./src/app/(protected)/encounters/[id]/reports/page.tsx
38:37  Warning: React Hook useEffect has a missing dependency: 'fetchData'. Either include it or remove the dependency array.  react-hooks/exhaustive-deps

./src/app/(protected)/encounters/[id]/verify/page.tsx
38:6  Warning: React Hook useEffect has a missing dependency: 'startPolling'. Either include it or remove the dependency array.  react-hooks/exhaustive-deps

./src/app/(protected)/lims/encounters/[id]/page.tsx
69:6  Warning: React Hook useEffect has missing dependencies: 'fetchDocuments' and 'fetchEncounter'. Either include them or remove the dependency array.  react-hooks/exhaustive-deps
80:6  Warning: React Hook useEffect has missing dependencies: 'reportDoc' and 'startPolling'. Either include them or remove the dependency array.  react-hooks/exhaustive-deps

./src/app/(protected)/lims/encounters/[id]/publish/page.tsx
67:6  Warning: React Hook useEffect has missing dependencies: 'fetchDocument' and 'startPolling'. Either include them or remove the dependency array.  react-hooks/exhaustive-deps

./src/app/(protected)/lims/encounters/[id]/reports/page.tsx
38:37  Warning: React Hook useEffect has a missing dependency: 'fetchData'. Either include it or remove the dependency array.  react-hooks/exhaustive-deps

./src/app/(protected)/lims/encounters/[id]/verify/page.tsx
40:6  Warning: React Hook useEffect has a missing dependency: 'startPolling'. Either include it or remove the dependency array.  react-hooks/exhaustive-deps

./src/app/(protected)/lims/results/encounters/[encounterId]/page.tsx
191:30  Warning: The ref value 'pollRefs.current' will likely have changed by the time this effect cleanup function runs. If this ref points to a node rendered by React, copy 'pollRefs.current' to a variable inside the effect, and use that variable in the cleanup function.  react-hooks/exhaustive-deps

./src/app/(protected)/lims/verification/encounters/[encounterId]/page.tsx
123:6  Warning: React Hook useEffect has a missing dependency: 'loadDetail'. Either include it or remove the dependency array.  react-hooks/exhaustive-deps

./src/app/(protected)/lims/verification/page.tsx
71:38  Warning: React Hook useEffect has a missing dependency: 'search'. Either include it or remove the dependency array.  react-hooks/exhaustive-deps

info  - Need to disable some ESLint rules? Learn more here: https://nextjs.org/docs/app/api-reference/config/eslint#disabling-rules
[exit_code=0]

$ pnpm --filter @vexel/api test -- --runInBand
apps/worker                              |  WARN  The field "pnpm.overrides" was found in /home/munaim/srv/apps/vexel/apps/worker/package.json. This will not take effect. You should configure "pnpm.overrides" at the root of the workspace instead.

> @vexel/api@0.1.0 test /home/munaim/srv/apps/vexel/apps/api
> jest "--runInBand"

[exit_code=0]

$ pnpm --filter @vexel/api build
apps/worker                              |  WARN  The field "pnpm.overrides" was found in /home/munaim/srv/apps/vexel/apps/worker/package.json. This will not take effect. You should configure "pnpm.overrides" at the root of the workspace instead.

> @vexel/api@0.1.0 build /home/munaim/srv/apps/vexel/apps/api
> nest build

[exit_code=0]

$ pnpm --filter @vexel/admin build
apps/worker                              |  WARN  The field "pnpm.overrides" was found in /home/munaim/srv/apps/vexel/apps/worker/package.json. This will not take effect. You should configure "pnpm.overrides" at the root of the workspace instead.

> @vexel/admin@0.1.0 build /home/munaim/srv/apps/vexel/apps/admin
> next build

   ▲ Next.js 15.5.12

   Creating an optimized production build ...
 ✓ Compiled successfully in 6.1s
   Linting and checking validity of types ...

./src/app/(protected)/audit/page.tsx
32:32  Warning: React Hook useEffect has a missing dependency: 'load'. Either include it or remove the dependency array.  react-hooks/exhaustive-deps

./src/app/(protected)/catalog/panels/page.tsx
39:32  Warning: React Hook useEffect has a missing dependency: 'load'. Either include it or remove the dependency array.  react-hooks/exhaustive-deps

./src/app/(protected)/catalog/parameters/page.tsx
35:32  Warning: React Hook useEffect has a missing dependency: 'load'. Either include it or remove the dependency array.  react-hooks/exhaustive-deps

./src/app/(protected)/catalog/reference-ranges/page.tsx
55:6  Warning: React Hook useEffect has a missing dependency: 'load'. Either include it or remove the dependency array.  react-hooks/exhaustive-deps

./src/app/(protected)/catalog/sample-types/page.tsx
32:32  Warning: React Hook useEffect has a missing dependency: 'load'. Either include it or remove the dependency array.  react-hooks/exhaustive-deps

./src/app/(protected)/catalog/tests/page.tsx
40:32  Warning: React Hook useEffect has a missing dependency: 'load'. Either include it or remove the dependency array.  react-hooks/exhaustive-deps

./src/app/(protected)/opd/providers/page.tsx
99:6  Warning: React Hook useEffect has a missing dependency: 'loadProviders'. Either include it or remove the dependency array.  react-hooks/exhaustive-deps

./src/app/(protected)/opd/schedules/page.tsx
135:6  Warning: React Hook useEffect has a missing dependency: 'loadProviders'. Either include it or remove the dependency array.  react-hooks/exhaustive-deps
143:6  Warning: React Hook useEffect has a missing dependency: 'loadSchedules'. Either include it or remove the dependency array.  react-hooks/exhaustive-deps

info  - Need to disable some ESLint rules? Learn more here: https://nextjs.org/docs/app/api-reference/config/eslint#disabling-rules
   Collecting page data ...
   Generating static pages (0/33) ...
   Generating static pages (8/33) 
   Generating static pages (16/33) 
   Generating static pages (24/33) 
 ✓ Generating static pages (33/33)
   Finalizing page optimization ...
   Collecting build traces ...

Route (app)                                 Size  First Load JS
┌ ○ /                                      138 B         102 kB
├ ○ /_not-found                            992 B         103 kB
├ ○ /audit                                5.8 kB         108 kB
├ ○ /branding                            3.02 kB         109 kB
├ ○ /catalog                             1.51 kB         110 kB
├ ○ /catalog/import-export               6.46 kB         109 kB
├ ○ /catalog/panels                      6.72 kB         109 kB
├ ○ /catalog/parameters                  6.21 kB         108 kB
├ ○ /catalog/reference-ranges            6.67 kB         109 kB
├ ○ /catalog/sample-types                5.64 kB         108 kB
├ ○ /catalog/tests                       7.37 kB         109 kB
├ ○ /dashboard                           4.74 kB         110 kB
├ ○ /documents                            2.2 kB         108 kB
├ ○ /encounters                          4.86 kB         107 kB
├ ○ /feature-flags                       3.42 kB         109 kB
├ ○ /jobs                                5.41 kB         107 kB
├ ○ /login                               4.19 kB         106 kB
├ ○ /opd                                   791 B         106 kB
├ ○ /opd/feature-flags                      5 kB         107 kB
├ ○ /opd/providers                       5.96 kB         111 kB
├ ƒ /opd/providers/[providerId]          4.14 kB         110 kB
├ ○ /opd/schedules                       6.33 kB         108 kB
├ ○ /patients                            4.76 kB         107 kB
├ ○ /roles                               2.41 kB         108 kB
├ ○ /system/health                       4.56 kB         107 kB
├ ○ /tenant-settings                       138 B         102 kB
├ ○ /tenant-settings/catalog               138 B         102 kB
├ ○ /tenant-settings/documents             138 B         102 kB
├ ○ /tenant-settings/roles                 138 B         102 kB
├ ○ /tenant-settings/users                 138 B         102 kB
├ ○ /tenants                             5.02 kB         110 kB
└ ○ /users                               2.99 kB         109 kB
+ First Load JS shared by all             102 kB
  ├ chunks/144-0b275b5ca88820a6.js       45.9 kB
  ├ chunks/6d25620b-d9f90746a7f2178c.js  54.2 kB
  └ other shared chunks (total)          1.93 kB


ƒ Middleware                             34.3 kB

○  (Static)   prerendered as static content
ƒ  (Dynamic)  server-rendered on demand

[exit_code=0]

$ pnpm --filter @vexel/operator build
apps/worker                              |  WARN  The field "pnpm.overrides" was found in /home/munaim/srv/apps/vexel/apps/worker/package.json. This will not take effect. You should configure "pnpm.overrides" at the root of the workspace instead.

> @vexel/operator@0.1.0 build /home/munaim/srv/apps/vexel/apps/operator
> next build

   ▲ Next.js 15.5.12

   Creating an optimized production build ...
 ✓ Compiled successfully in 8.8s
   Linting and checking validity of types ...

./src/app/(protected)/encounters/[id]/reports/page.tsx
38:37  Warning: React Hook useEffect has a missing dependency: 'fetchData'. Either include it or remove the dependency array.  react-hooks/exhaustive-deps

./src/app/(protected)/encounters/[id]/verify/page.tsx
38:6  Warning: React Hook useEffect has a missing dependency: 'startPolling'. Either include it or remove the dependency array.  react-hooks/exhaustive-deps

./src/app/(protected)/lims/encounters/[id]/page.tsx
69:6  Warning: React Hook useEffect has missing dependencies: 'fetchDocuments' and 'fetchEncounter'. Either include them or remove the dependency array.  react-hooks/exhaustive-deps
80:6  Warning: React Hook useEffect has missing dependencies: 'reportDoc' and 'startPolling'. Either include them or remove the dependency array.  react-hooks/exhaustive-deps

./src/app/(protected)/lims/encounters/[id]/publish/page.tsx
67:6  Warning: React Hook useEffect has missing dependencies: 'fetchDocument' and 'startPolling'. Either include them or remove the dependency array.  react-hooks/exhaustive-deps

./src/app/(protected)/lims/encounters/[id]/reports/page.tsx
38:37  Warning: React Hook useEffect has a missing dependency: 'fetchData'. Either include it or remove the dependency array.  react-hooks/exhaustive-deps

./src/app/(protected)/lims/encounters/[id]/verify/page.tsx
40:6  Warning: React Hook useEffect has a missing dependency: 'startPolling'. Either include it or remove the dependency array.  react-hooks/exhaustive-deps

./src/app/(protected)/lims/results/encounters/[encounterId]/page.tsx
191:30  Warning: The ref value 'pollRefs.current' will likely have changed by the time this effect cleanup function runs. If this ref points to a node rendered by React, copy 'pollRefs.current' to a variable inside the effect, and use that variable in the cleanup function.  react-hooks/exhaustive-deps

./src/app/(protected)/lims/verification/encounters/[encounterId]/page.tsx
123:6  Warning: React Hook useEffect has a missing dependency: 'loadDetail'. Either include it or remove the dependency array.  react-hooks/exhaustive-deps

./src/app/(protected)/lims/verification/page.tsx
71:38  Warning: React Hook useEffect has a missing dependency: 'search'. Either include it or remove the dependency array.  react-hooks/exhaustive-deps

info  - Need to disable some ESLint rules? Learn more here: https://nextjs.org/docs/app/api-reference/config/eslint#disabling-rules
   Collecting page data ...
   Generating static pages (0/30) ...
   Generating static pages (7/30) 
   Generating static pages (14/30) 
   Generating static pages (22/30) 
 ✓ Generating static pages (30/30)
   Finalizing page optimization ...
   Collecting build traces ...

Route (app)                                         Size  First Load JS
┌ ○ /                                              144 B         102 kB
├ ○ /_not-found                                    994 B         103 kB
├ ○ /encounters                                    372 B         102 kB
├ ƒ /encounters/[id]                               144 B         102 kB
├ ƒ /encounters/[id]/order                       4.45 kB         121 kB
├ ƒ /encounters/[id]/publish                       170 B         122 kB
├ ƒ /encounters/[id]/receive                     4.33 kB         121 kB
├ ƒ /encounters/[id]/reports                     1.28 kB         122 kB
├ ƒ /encounters/[id]/results                     4.62 kB         121 kB
├ ƒ /encounters/[id]/sample                      4.14 kB         120 kB
├ ƒ /encounters/[id]/verify                      2.79 kB         123 kB
├ ○ /encounters/new                                144 B         102 kB
├ ○ /lims/encounters                              3.1 kB         119 kB
├ ƒ /lims/encounters/[id]                        3.56 kB         137 kB
├ ƒ /lims/encounters/[id]/order                  4.47 kB         121 kB
├ ƒ /lims/encounters/[id]/publish                  170 B         122 kB
├ ƒ /lims/encounters/[id]/receive                5.36 kB         122 kB
├ ƒ /lims/encounters/[id]/reports                1.18 kB         122 kB
├ ƒ /lims/encounters/[id]/results                5.69 kB         122 kB
├ ƒ /lims/encounters/[id]/sample                 4.57 kB         121 kB
├ ƒ /lims/encounters/[id]/verify                 2.57 kB         123 kB
├ ○ /lims/encounters/new                         4.55 kB         107 kB
├ ○ /lims/patients                                 943 B         134 kB
├ ○ /lims/patients/new                           4.73 kB         107 kB
├ ○ /lims/payments                               4.11 kB         134 kB
├ ƒ /lims/print/[id]                              4.8 kB         107 kB
├ ○ /lims/registrations/new                      6.72 kB         136 kB
├ ○ /lims/reports                                3.81 kB         133 kB
├ ○ /lims/results                                4.56 kB         136 kB
├ ƒ /lims/results/[orderedTestId]                4.31 kB         137 kB
├ ƒ /lims/results/encounters/[encounterId]       7.29 kB         142 kB
├ ○ /lims/sample-collection                      5.08 kB         135 kB
├ ○ /lims/verification                           4.43 kB         136 kB
├ ƒ /lims/verification/encounters/[encounterId]  5.86 kB         119 kB
├ ○ /lims/worklist                               2.73 kB         154 kB
├ ○ /login                                       5.23 kB         118 kB
├ ƒ /opd/appointments/[id]                        3.3 kB         136 kB
├ ○ /opd/appointments/new                         3.3 kB         136 kB
├ ○ /opd/billing                                 2.92 kB         154 kB
├ ƒ /opd/billing/invoices/[invoiceId]            3.79 kB         137 kB
├ ○ /opd/billing/new                             2.56 kB         136 kB
├ ƒ /opd/providers/[providerId]/availability     2.35 kB         135 kB
├ ƒ /opd/visits/[visitId]                        2.39 kB         135 kB
├ ○ /opd/worklist                                3.02 kB         154 kB
├ ○ /patients                                      375 B         102 kB
├ ○ /patients/new                                  144 B         102 kB
├ ○ /registrations/new                             381 B         102 kB
├ ○ /reports                                       369 B         102 kB
├ ○ /results                                       370 B         102 kB
├ ƒ /results/[orderedTestId]                       144 B         102 kB
├ ○ /sample-collection                             377 B         102 kB
├ ○ /verification                                  374 B         102 kB
├ ƒ /verification/encounters/[encounterId]         144 B         102 kB
└ ○ /worklist                                      371 B         102 kB
+ First Load JS shared by all                     102 kB
  ├ chunks/6d25620b-a53d689d21377503.js          54.2 kB
  ├ chunks/7144-700752aa5edfe187.js              45.8 kB
  └ other shared chunks (total)                  1.93 kB


○  (Static)   prerendered as static content
ƒ  (Dynamic)  server-rendered on demand

[exit_code=0]

$ minimal deployed smoke (api health + auth + sample-types + template)
minimal_smoke=pass
[exit_code=0]
